<?xml version="1.0" encoding="UTF-8"?>
<!-- Generated by org.testng.reporters.JUnitReportReporter -->
<testsuite hostname="LAPTOP-D9L8LA8N" failures="0" tests="1" name="stepdefin.FileUploadSteps" time="53.993" errors="0" timestamp="2024-07-05T14:32:50 IST" skipped="0">
  <testcase classname="stepdefin.FileUploadSteps" name="fileUploadTest" time="53.993"/>
  <system-out/>
</testsuite> <!-- stepdefin.FileUploadSteps -->
